0 info it worked if it ends with ok
1 verbose cli [ 'C:\\Program Files\\nodejs\\node.exe',
1 verbose cli   'C:\\Program Files\\nodejs\\node_modules\\npm\\bin\\npm-cli.js',
1 verbose cli   'run',
1 verbose cli   'build' ]
2 info using npm@3.10.9
3 info using node@v6.9.2
4 verbose run-script [ 'prebuild', 'build', 'postbuild' ]
5 info lifecycle graphs@1.0.0~prebuild: graphs@1.0.0
6 silly lifecycle graphs@1.0.0~prebuild: no script for prebuild, continuing
7 info lifecycle graphs@1.0.0~build: graphs@1.0.0
8 verbose lifecycle graphs@1.0.0~build: unsafe-perm in lifecycle true
9 verbose lifecycle graphs@1.0.0~build: PATH: C:\Program Files\nodejs\node_modules\npm\bin\node-gyp-bin;C:\Users\Paweł\Desktop\programowanie\graphs-app\node_modules\.bin;C:\ProgramData\Oracle\Java\javapath;C:\Windows\system32;C:\Windows;C:\Windows\System32\Wbem;C:\Windows\System32\WindowsPowerShell\v1.0\;C:\Program Files (x86)\PuTTY\;C:\Program Files\Git\cmd;C:\Program Files\nodejs\;C:\Program Files\Sublime Text 3;C:\Program Files (x86)\Windows Kits\10\Windows Performance Toolkit\;C:\Program Files\MATLAB\R2017a\bin;C:\Windows\system32\config\systemprofile\.dnx\bin;C:\Program Files\Microsoft DNX\Dnvm\;C:\Program Files\Microsoft SQL Server\130\Tools\Binn\;C:\Users\Paweł\AppData\Local\Programs\Python\Python36-32\Scripts\;C:\Users\Paweł\AppData\Local\Programs\Python\Python36-32\;C:\ProgramData\Oracle\Java\javapath;C:\Windows\system32;C:\Windows;C:\Windows\System32\Wbem;C:\Windows\System32\WindowsPowerShell\v1.0\;C:\Java\jdk1.8.0_51\bin;C:\MinGW\bin;C:\Users\Paweł\AppData\Roaming\npm;C:\mingw32\bin;C:\Program Files (x86)\Dr. Memory\bin\;C:\Pliki programów (x86)\gnuplot\bin
10 verbose lifecycle graphs@1.0.0~build: CWD: C:\Users\Paweł\Desktop\programowanie\graphs-app
11 silly lifecycle graphs@1.0.0~build: Args: [ '/d /s /c',
11 silly lifecycle   'webpack-dev-server --inline --progress --port 8080 --config webpack.config.dev.js' ]
12 silly lifecycle graphs@1.0.0~build: Returned: code: 3221225786  signal: null
13 info lifecycle graphs@1.0.0~build: Failed to exec build script
14 verbose stack Error: graphs@1.0.0 build: `webpack-dev-server --inline --progress --port 8080 --config webpack.config.dev.js`
14 verbose stack Exit status 3221225786
14 verbose stack     at EventEmitter.<anonymous> (C:\Program Files\nodejs\node_modules\npm\lib\utils\lifecycle.js:255:16)
14 verbose stack     at emitTwo (events.js:106:13)
14 verbose stack     at EventEmitter.emit (events.js:191:7)
14 verbose stack     at ChildProcess.<anonymous> (C:\Program Files\nodejs\node_modules\npm\lib\utils\spawn.js:40:14)
14 verbose stack     at emitTwo (events.js:106:13)
14 verbose stack     at ChildProcess.emit (events.js:191:7)
14 verbose stack     at maybeClose (internal/child_process.js:877:16)
14 verbose stack     at Process.ChildProcess._handle.onexit (internal/child_process.js:226:5)
15 verbose pkgid graphs@1.0.0
16 verbose cwd C:\Users\Paweł\Desktop\programowanie\graphs-app
17 error Windows_NT 6.3.9600
18 error argv "C:\\Program Files\\nodejs\\node.exe" "C:\\Program Files\\nodejs\\node_modules\\npm\\bin\\npm-cli.js" "run" "build"
19 error node v6.9.2
20 error npm  v3.10.9
21 error code ELIFECYCLE
22 error graphs@1.0.0 build: `webpack-dev-server --inline --progress --port 8080 --config webpack.config.dev.js`
22 error Exit status 3221225786
23 error Failed at the graphs@1.0.0 build script 'webpack-dev-server --inline --progress --port 8080 --config webpack.config.dev.js'.
23 error Make sure you have the latest version of node.js and npm installed.
23 error If you do, this is most likely a problem with the graphs package,
23 error not with npm itself.
23 error Tell the author that this fails on your system:
23 error     webpack-dev-server --inline --progress --port 8080 --config webpack.config.dev.js
23 error You can get information on how to open an issue for this project with:
23 error     npm bugs graphs
23 error Or if that isn't available, you can get their info via:
23 error     npm owner ls graphs
23 error There is likely additional logging output above.
24 verbose exit [ 1, true ]
